[f0c22.yjx2012.com/logo.png]
[f0c22.yjx2012.com/products/mouse.png]
[f0c22.yjx2012.com/_next/static/css/c850c042a289a7e6.css]
[f0c22.yjx2012.com/_next/static/chunks/webpack-65bd3cb9540ee01e.js]
[f0c22.yjx2012.com/_next/static/chunks/fd9d1056-a844682d51486e4a.js]
[f0c22.yjx2012.com/_next/static/chunks/69-4a8d8286260c07a7.js]
[f0c22.yjx2012.com/_next/static/chunks/main-app-bdce57fcb2f31101.js]
[f0c22.yjx2012.com/_next/static/chunks/947-59b5f1611714c46f.js]
[f0c22.yjx2012.com/_next/static/chunks/703-f4f5679290d57255.js]
[f0c22.yjx2012.com/_next/static/chunks/app/page-2244ff2d749ca9cb.js]
[f0c22.yjx2012.com/_next/static/chunks/447-23e1431d7f23ce0a.js]
[f0c22.yjx2012.com/_next/static/chunks/app/layout-92708e83c9e12c40.js]
[backblue.gif]
[fade.gif]
[index.html]
[f0c22.yjx2012.com/favicon.ico]
[f0c22.yjx2012.com/index.html]
[f0c22.yjx2012.com/_next/static/chunks/polyfills-c67a75d1b6f99dc8.js]
[f0c22.yjx2012.com/_next/static/media/main_bg.5d5bfa7d.png]
[f0c22.yjx2012.com/_next/static/media/dark_bg.5d5bfa7d.png]
[f0c22.yjx2012.com/_next/static/media/modal_header_bg.b361db48.png]
[f0c22.yjx2012.com/_next/static/css/c850c042a289a7e6.css]
[f0c22.yjx2012.com/wave.svg]
